TN:
SF:src/modules/items/services/CreateItemService.ts
FN:17,(anonymous_18)
FN:18,CreateItemService
FN:29,(anonymous_20)
FNF:3
FNH:3
FNDA:6,(anonymous_18)
FNDA:16,CreateItemService
FNDA:26,(anonymous_20)
DA:1,6
DA:3,6
DA:17,6
DA:20,16
DA:23,16
DA:26,16
DA:29,6
DA:30,26
DA:31,26
DA:32,26
DA:33,26
DA:34,26
DA:36,26
DA:41,26
DA:43,26
DA:44,1
DA:47,25
DA:48,1
DA:53,24
DA:54,1
DA:57,23
DA:65,46
DA:67,46
DA:69,46
DA:71,23
DA:73,6
DA:75,6
LF:27
LH:27
BRDA:34,0,0,13
BRDA:34,0,1,13
BRDA:36,1,0,26
BRDA:43,2,0,1
BRDA:43,2,1,25
BRDA:47,3,0,1
BRDA:47,3,1,24
BRDA:53,4,0,1
BRDA:53,4,1,23
BRF:9
BRH:9
end_of_record
TN:
SF:src/modules/items/services/DeleteItemService.ts
FN:12,(anonymous_18)
FN:13,DeleteItemService
FN:21,(anonymous_20)
FNF:3
FNH:3
FNDA:1,(anonymous_18)
FNDA:3,DeleteItemService
FNDA:3,(anonymous_20)
DA:1,1
DA:2,1
DA:12,1
DA:15,3
DA:18,3
DA:21,3
DA:22,3
DA:24,3
DA:25,1
DA:28,2
DA:29,1
DA:32,2
DA:34,2
DA:36,2
DA:40,2
DA:42,1
DA:44,1
LF:17
LH:17
BRDA:22,0,0,3
BRDA:24,1,0,1
BRDA:24,1,1,2
BRDA:28,2,0,1
BRDA:28,2,1,1
BRF:5
BRH:5
end_of_record
TN:
SF:src/modules/items/services/ListItemsService.ts
FN:16,(anonymous_17)
FN:17,ShowItemService
FN:25,(anonymous_19)
FNF:3
FNH:3
FNDA:1,(anonymous_17)
FNDA:2,ShowItemService
FNDA:6,(anonymous_19)
DA:1,1
DA:6,1
DA:16,1
DA:19,2
DA:22,2
DA:25,1
DA:26,6
DA:27,6
DA:28,6
DA:29,6
DA:31,6
DA:37,6
DA:41,7
DA:42,5
DA:49,10
DA:52,6
DA:54,1
DA:56,1
LF:18
LH:18
BRDA:52,0,0,6
BRDA:31,1,0,3
BRDA:31,1,1,3
BRDA:32,2,0,2
BRDA:32,2,1,4
BRDA:33,3,0,2
BRDA:33,3,1,4
BRDA:34,4,0,1
BRDA:34,4,1,5
BRDA:41,5,0,1
BRDA:41,5,1,5
BRF:11
BRH:11
end_of_record
TN:
SF:src/modules/items/services/ListRestaurantItemsService.ts
FN:9,(anonymous_17)
FN:10,ListUserItemsService
FN:18,(anonymous_19)
FNF:3
FNH:3
FNDA:1,(anonymous_17)
FNDA:1,ListUserItemsService
FNDA:2,(anonymous_19)
DA:1,1
DA:6,1
DA:9,1
DA:12,1
DA:15,1
DA:18,1
DA:19,2
DA:21,2
DA:23,3
DA:24,1
DA:26,2
DA:29,2
DA:31,1
DA:33,1
LF:14
LH:14
BRDA:29,0,0,2
BRDA:23,1,0,1
BRDA:23,1,1,1
BRF:3
BRH:3
end_of_record
TN:
SF:src/modules/items/services/ShowItemService.ts
FN:9,(anonymous_18)
FN:10,ShowItemService
FN:18,(anonymous_20)
FNF:3
FNH:3
FNDA:1,(anonymous_18)
FNDA:2,ShowItemService
FNDA:3,(anonymous_20)
DA:1,1
DA:2,1
DA:6,1
DA:9,1
DA:12,2
DA:15,2
DA:18,1
DA:19,3
DA:21,3
DA:23,4
DA:24,2
DA:26,2
DA:27,1
DA:30,2
DA:33,2
DA:35,1
DA:37,1
LF:17
LH:17
BRDA:33,0,0,2
BRDA:23,1,0,1
BRDA:23,1,1,2
BRDA:26,2,0,1
BRDA:26,2,1,1
BRF:5
BRH:5
end_of_record
TN:
SF:src/modules/items/services/UpdateItemService.ts
FN:17,(anonymous_18)
FN:18,CreateItemService
FN:26,(anonymous_20)
FNF:3
FNH:3
FNDA:1,(anonymous_18)
FNDA:4,CreateItemService
FNDA:4,(anonymous_20)
DA:1,1
DA:3,1
DA:17,1
DA:20,4
DA:23,4
DA:26,1
DA:27,4
DA:28,4
DA:29,4
DA:30,4
DA:31,4
DA:32,4
DA:34,4
DA:36,4
DA:37,1
DA:40,3
DA:41,1
DA:44,2
DA:49,2
DA:50,1
DA:53,1
DA:61,2
DA:63,2
DA:65,2
DA:67,1
DA:69,1
DA:71,1
LF:27
LH:27
BRDA:30,0,0,1
BRDA:30,0,1,3
BRDA:34,1,0,4
BRDA:36,2,0,1
BRDA:36,2,1,3
BRDA:40,3,0,1
BRDA:40,3,1,2
BRDA:49,4,0,1
BRDA:49,4,1,1
BRF:9
BRH:9
end_of_record
TN:
SF:src/modules/restaurants/services/CreateRestaurantService.ts
FN:21,(anonymous_18)
FN:22,CreateRestaurantService
FN:33,(anonymous_20)
FNF:3
FNH:3
FNDA:11,(anonymous_18)
FNDA:31,CreateRestaurantService
FNDA:34,(anonymous_20)
DA:1,11
DA:2,11
DA:4,11
DA:21,11
DA:24,31
DA:27,31
DA:30,31
DA:33,11
DA:34,34
DA:35,34
DA:36,34
DA:37,34
DA:38,34
DA:39,34
DA:40,34
DA:41,34
DA:43,34
DA:48,34
DA:49,1
DA:52,33
DA:59,33
DA:60,1
DA:63,32
DA:65,32
DA:78,64
DA:80,64
DA:82,64
DA:84,32
DA:86,11
DA:88,11
LF:30
LH:30
BRDA:43,0,0,34
BRDA:48,1,0,1
BRDA:48,1,1,33
BRDA:59,2,0,1
BRDA:59,2,1,32
BRF:5
BRH:5
end_of_record
TN:
SF:src/modules/restaurants/services/DeleteRestaurantService.ts
FN:12,(anonymous_18)
FN:13,DeleteRestaurantService
FN:21,(anonymous_20)
FNF:3
FNH:3
FNDA:1,(anonymous_18)
FNDA:3,DeleteRestaurantService
FNDA:3,(anonymous_20)
DA:1,1
DA:2,1
DA:12,1
DA:15,3
DA:18,3
DA:21,3
DA:22,3
DA:26,3
DA:27,1
DA:30,2
DA:31,1
DA:34,2
DA:36,2
DA:38,2
DA:40,2
DA:42,1
DA:44,1
LF:17
LH:17
BRDA:22,0,0,3
BRDA:26,1,0,1
BRDA:26,1,1,2
BRDA:30,2,0,1
BRDA:30,2,1,1
BRF:5
BRH:5
end_of_record
TN:
SF:src/modules/restaurants/services/ListRestaurantsService.ts
FN:21,(anonymous_18)
FN:22,ShowRestaurantService
FN:30,(anonymous_20)
FNF:3
FNH:0
FNDA:0,(anonymous_18)
FNDA:0,ShowRestaurantService
FNDA:0,(anonymous_20)
DA:1,0
DA:2,0
DA:6,0
DA:21,0
DA:24,0
DA:27,0
DA:30,0
DA:31,0
DA:32,0
DA:33,0
DA:34,0
DA:35,0
DA:36,0
DA:37,0
DA:38,0
DA:39,0
DA:41,0
DA:49,0
DA:53,0
DA:54,0
DA:66,0
DA:67,0
DA:70,0
DA:73,0
DA:75,0
DA:77,0
LF:26
LH:0
BRDA:73,0,0,0
BRDA:41,1,0,0
BRDA:41,1,1,0
BRDA:42,2,0,0
BRDA:42,2,1,0
BRDA:43,3,0,0
BRDA:43,3,1,0
BRDA:44,4,0,0
BRDA:44,4,1,0
BRDA:45,5,0,0
BRDA:45,5,1,0
BRDA:45,6,0,0
BRDA:45,6,1,0
BRDA:46,7,0,0
BRDA:46,7,1,0
BRDA:47,8,0,0
BRDA:47,8,1,0
BRDA:47,9,0,0
BRDA:47,9,1,0
BRDA:53,10,0,0
BRDA:53,10,1,0
BRDA:66,11,0,0
BRDA:66,11,1,0
BRF:23
BRH:0
end_of_record
TN:
SF:src/modules/restaurants/services/ListUserRestaurantsService.ts
FN:9,(anonymous_17)
FN:10,ListUserRestaurantsService
FN:18,(anonymous_19)
FNF:3
FNH:3
FNDA:1,(anonymous_17)
FNDA:1,ListUserRestaurantsService
FNDA:2,(anonymous_19)
DA:1,1
DA:6,1
DA:9,1
DA:12,1
DA:15,1
DA:18,1
DA:19,2
DA:21,2
DA:23,3
DA:24,1
DA:26,2
DA:29,2
DA:31,1
DA:33,1
LF:14
LH:14
BRDA:29,0,0,2
BRDA:23,1,0,1
BRDA:23,1,1,1
BRF:3
BRH:3
end_of_record
TN:
SF:src/modules/restaurants/services/ShowRestaurantService.ts
FN:14,(anonymous_18)
FN:15,ShowRestaurantService
FN:23,(anonymous_20)
FNF:3
FNH:3
FNDA:1,(anonymous_18)
FNDA:3,ShowRestaurantService
FNDA:4,(anonymous_20)
DA:1,1
DA:2,1
DA:6,1
DA:14,1
DA:17,3
DA:20,3
DA:23,1
DA:24,4
DA:25,4
DA:27,4
DA:29,4
DA:33,5
DA:34,3
DA:36,3
DA:37,1
DA:40,2
DA:41,1
DA:44,2
DA:47,2
DA:49,1
DA:51,1
LF:21
LH:21
BRDA:47,0,0,2
BRDA:33,1,0,1
BRDA:33,1,1,3
BRDA:36,2,0,1
BRDA:36,2,1,2
BRDA:40,3,0,1
BRDA:40,3,1,1
BRF:7
BRH:7
end_of_record
TN:
SF:src/modules/restaurants/services/UpdateRestaurantService.ts
FN:22,(anonymous_18)
FN:23,UpdateRestaurantService
FN:34,(anonymous_20)
FNF:3
FNH:3
FNDA:1,(anonymous_18)
FNDA:5,UpdateRestaurantService
FNDA:9,(anonymous_20)
DA:1,1
DA:3,1
DA:22,1
DA:25,5
DA:28,5
DA:31,5
DA:34,1
DA:35,9
DA:36,9
DA:37,9
DA:38,9
DA:39,9
DA:40,9
DA:41,9
DA:42,9
DA:43,9
DA:44,9
DA:46,9
DA:50,9
DA:51,1
DA:54,8
DA:55,1
DA:58,7
DA:63,7
DA:64,1
DA:67,6
DA:68,6
DA:71,7
DA:76,5
DA:82,5
DA:83,5
DA:84,1
DA:87,4
DA:90,5
DA:91,5
DA:93,5
DA:108,10
DA:110,10
DA:112,10
DA:114,5
DA:116,1
DA:118,1
LF:42
LH:42
BRDA:42,0,0,7
BRDA:42,0,1,2
BRDA:46,1,0,9
BRDA:50,2,0,1
BRDA:50,2,1,8
BRDA:54,3,0,1
BRDA:54,3,1,7
BRDA:63,4,0,1
BRDA:63,4,1,6
BRDA:71,5,0,1
BRDA:71,5,1,5
BRDA:71,6,0,6
BRDA:71,6,1,4
BRDA:71,6,2,4
BRDA:71,6,3,4
BRDA:83,7,0,1
BRDA:83,7,1,4
BRF:17
BRH:17
end_of_record
TN:
SF:src/modules/users/services/AuthenticateUserService.ts
FN:22,(anonymous_18)
FN:23,AuthenticateUserService
FN:30,(anonymous_20)
FNF:3
FNH:3
FNDA:1,(anonymous_18)
FNDA:3,AuthenticateUserService
FNDA:3,(anonymous_20)
DA:1,1
DA:2,1
DA:3,1
DA:5,1
DA:22,1
DA:25,3
DA:28,3
DA:30,3
DA:31,3
DA:33,3
DA:34,1
DA:37,2
DA:42,2
DA:43,1
DA:46,1
DA:48,1
DA:53,1
DA:58,1
DA:60,1
LF:19
LH:19
BRDA:31,0,0,3
BRDA:33,1,0,1
BRDA:33,1,1,2
BRDA:42,2,0,1
BRDA:42,2,1,1
BRF:5
BRH:5
end_of_record
TN:
SF:src/modules/users/services/CreateUserService.ts
FN:17,(anonymous_18)
FN:18,CreateUserService
FN:28,(anonymous_20)
FNF:3
FNH:3
FNDA:2,(anonymous_18)
FNDA:5,CreateUserService
FNDA:3,(anonymous_20)
DA:1,2
DA:3,2
DA:17,2
DA:20,5
DA:23,5
DA:26,5
DA:28,3
DA:29,3
DA:31,3
DA:32,1
DA:35,2
DA:37,2
DA:43,4
DA:45,2
DA:47,2
DA:49,2
LF:16
LH:16
BRDA:29,0,0,3
BRDA:31,1,0,1
BRDA:31,1,1,2
BRF:3
BRH:3
end_of_record
TN:
SF:src/modules/users/services/ResetPasswordService.ts
FN:15,(anonymous_18)
FN:16,ResetPasswordEmailService
FN:26,(anonymous_20)
FNF:3
FNH:3
FNDA:1,(anonymous_18)
FNDA:4,ResetPasswordEmailService
FNDA:4,(anonymous_20)
DA:1,1
DA:2,1
DA:4,1
DA:15,1
DA:18,4
DA:21,4
DA:24,4
DA:26,4
DA:27,4
DA:29,4
DA:30,1
DA:33,3
DA:35,3
DA:36,1
DA:39,2
DA:40,2
DA:42,2
DA:43,1
DA:46,1
DA:48,2
DA:50,1
DA:52,1
LF:22
LH:22
BRDA:27,0,0,4
BRDA:29,1,0,1
BRDA:29,1,1,3
BRDA:35,2,0,1
BRDA:35,2,1,2
BRDA:42,3,0,1
BRDA:42,3,1,1
BRF:7
BRH:7
end_of_record
TN:
SF:src/modules/users/services/SendForgotPasswordEmailService.ts
FN:14,(anonymous_18)
FN:15,SendForgotPasswordEmailService
FN:25,(anonymous_20)
FNF:3
FNH:3
FNDA:1,(anonymous_18)
FNDA:3,SendForgotPasswordEmailService
FNDA:3,(anonymous_20)
DA:1,1
DA:2,1
DA:4,1
DA:14,1
DA:17,3
DA:20,3
DA:23,3
DA:25,3
DA:26,3
DA:28,3
DA:29,1
DA:32,2
DA:34,2
DA:41,4
DA:56,1
DA:58,1
LF:16
LH:16
BRDA:26,0,0,3
BRDA:28,1,0,1
BRDA:28,1,1,2
BRF:3
BRH:3
end_of_record
TN:
SF:src/modules/users/services/ShowProfileService.ts
FN:12,(anonymous_18)
FN:13,ShowProfileService
FN:17,(anonymous_20)
FNF:3
FNH:3
FNDA:1,(anonymous_18)
FNDA:2,ShowProfileService
FNDA:2,(anonymous_20)
DA:1,1
DA:3,1
DA:12,1
DA:15,2
DA:17,2
DA:18,2
DA:20,2
DA:21,1
DA:24,1
DA:26,1
DA:28,1
LF:11
LH:11
BRDA:18,0,0,2
BRDA:20,1,0,1
BRDA:20,1,1,1
BRF:3
BRH:3
end_of_record
TN:
SF:src/modules/users/services/UpdateProfileService.ts
FN:17,(anonymous_18)
FN:18,UpdateProfileService
FN:25,(anonymous_20)
FNF:3
FNH:3
FNDA:1,(anonymous_18)
FNDA:6,UpdateProfileService
FNDA:6,(anonymous_20)
DA:1,1
DA:3,1
DA:17,1
DA:20,6
DA:23,6
DA:25,1
DA:26,6
DA:27,6
DA:28,6
DA:29,6
DA:30,6
DA:32,6
DA:34,6
DA:35,1
DA:38,5
DA:40,5
DA:41,1
DA:44,4
DA:45,1
DA:50,4
DA:51,2
DA:56,2
DA:57,1
DA:60,1
DA:63,2
DA:64,2
DA:66,2
DA:68,1
DA:70,1
LF:29
LH:29
BRDA:32,0,0,6
BRDA:34,1,0,1
BRDA:34,1,1,5
BRDA:40,2,0,1
BRDA:40,2,1,4
BRDA:40,3,0,5
BRDA:40,3,1,1
BRDA:44,4,0,1
BRDA:44,4,1,3
BRDA:44,5,0,4
BRDA:44,5,1,3
BRDA:50,6,0,1
BRDA:50,6,1,2
BRDA:50,7,0,3
BRDA:50,7,1,2
BRDA:56,8,0,1
BRDA:56,8,1,1
BRF:17
BRH:17
end_of_record
TN:
SF:src/modules/users/services/UpdateUserAvatarService.ts
FN:15,(anonymous_18)
FN:16,UpdateUserAvatarService
FN:23,(anonymous_20)
FNF:3
FNH:3
FNDA:1,(anonymous_18)
FNDA:3,UpdateUserAvatarService
FNDA:4,(anonymous_20)
DA:1,1
DA:3,1
DA:15,1
DA:18,3
DA:21,3
DA:23,4
DA:24,4
DA:26,4
DA:27,1
DA:33,5
DA:34,2
DA:37,3
DA:39,3
DA:41,6
DA:43,3
DA:45,1
DA:47,1
LF:17
LH:17
BRDA:24,0,0,4
BRDA:24,0,1,3
BRDA:26,1,0,1
BRDA:26,1,1,3
BRDA:33,2,0,2
BRDA:33,2,1,1
BRF:6
BRH:6
end_of_record
